=== Importing atoms...
  #input atoms: 14891
=== Comparing with previous run...
=== Performing coordination analysis...
=== Extracting atom types...
Running at timestep 0
=== Extracting surface...
=== Extending surface...
=== Coarsening & smoothing surface...
=== Generating bulk & vacuum...
=== Making big mesh...
=== Making surface faces...
=== Marking tetrahedral mesh...
=== Converting tetrahedra to hexahedra...
=== Separating vacuum & bulk meshes...
=== Cleaning surface with triangles...
  Bulk:   #hexs=21504,	#tets=5376,	#faces=2556,	#edges=2291,	#nodes=51591
  Vacuum: #hexs=25420,	#tets=6355,	#faces=2284,	#edges=2276,	#nodes=51591
=== Importing mesh to Laplace solver...
=== Initializing Laplace solver...
  #elems=25420,	#faces=80025,	#edges=85939,	#nodes=31335,	#dofs=31335
=== Running Laplace solver...
=== Extracting E and phi...
  field enhancements:  Femocs:9.647  analyt:4.813  f-a:4.834  f/a:2.004
  rms surface error: 13.952
=== Initializing J & T solver...
  #elems=0,	#faces=0,	#edges=0,	#nodes=0,	#dofs=0
=== Importing mesh to J & T solver...
=== Testing GETELEC...
=== Calculating current densities... 
